{"uuid":"dcacef54-d3f6-49db-9428-77a8c1970553","historyId":"7db9113b9d00461837df78458eabf6b","fullName":"Validation of DETETE request in program module: Verify DELETE request by programName with invalid programName","labels":[{"name":"tag","value":"Prog_Del_04"},{"name":"host","value":"DESKTOP-RJ5O4JI"},{"name":"thread","value":"12124@DESKTOP-RJ5O4JI.main(1)"},{"name":"feature","value":"Validation of DETETE request in program module"},{"name":"story","value":"Verify DELETE request by programName with invalid programName"},{"name":"suite","value":"Validation of DETETE request in program module"},{"name":"testClass","value":"Verify DELETE request by programName with invalid programName"},{"name":"framework","value":"cucumber4jvm"},{"name":"language","value":"java"},{"name":"gherkin_uri","value":"file:///C:/Practice/RestAssuredCucumber/./src/test/resources/Features/ProgramModule_DELETEProgram.feature"},{"name":"package","value":"src.test.resources.Features.ProgramModule_DELETEProgram_feature.Validation of DETETE request in program module"}],"links":[],"name":"Verify DELETE request by programName with invalid programName","status":"broken","statusDetails":{"known":false,"muted":false,"flaky":false,"message":"Error reading tests data file","trace":"java.lang.RuntimeException: Error reading tests data file\r\n\tat com.api.auotmation.utilities.TestUtil.getRowDataFromExcel(TestUtil.java:53)\r\n\tat com.api.automation.stepDefinitions.ProgramModule_DELETEProgram_SD.user_sets_delete_request_with_invalid_program_name_from_and(ProgramModule_DELETEProgram_SD.java:210)\r\n\tat ✽.User sets DELETE request with invalid programName from \"deleteProgramModule\" and 2(file:///C:/Practice/RestAssuredCucumber/./src/test/resources/Features/ProgramModule_DELETEProgram.feature:39)\r\nCaused by: java.io.FileNotFoundException: .Data Files\\ProgramDeleteData.xlsx\r\n\tat org.apache.poi.ss.usermodel.WorkbookFactory.create(WorkbookFactory.java:302)\r\n\tat org.apache.poi.ss.usermodel.WorkbookFactory.create(WorkbookFactory.java:277)\r\n\tat org.apache.poi.ss.usermodel.WorkbookFactory.create(WorkbookFactory.java:255)\r\n\tat com.api.auotmation.utilities.ExcelReader.getWorkBook(ExcelReader.java:43)\r\n\tat com.api.auotmation.utilities.ExcelReader.getSheetByName(ExcelReader.java:33)\r\n\tat com.api.auotmation.utilities.ExcelReader.getData(ExcelReader.java:22)\r\n\tat com.api.auotmation.utilities.TestUtil.getRowDataFromExcel(TestUtil.java:48)\r\n\tat com.api.automation.stepDefinitions.ProgramModule_DELETEProgram_SD.user_sets_delete_request_with_invalid_program_name_from_and(ProgramModule_DELETEProgram_SD.java:210)\r\n\tat java.base/jdk.internal.reflect.NativeMethodAccessorImpl.invoke0(Native Method)\r\n\tat java.base/jdk.internal.reflect.NativeMethodAccessorImpl.invoke(NativeMethodAccessorImpl.java:78)\r\n\tat java.base/jdk.internal.reflect.DelegatingMethodAccessorImpl.invoke(DelegatingMethodAccessorImpl.java:43)\r\n\tat java.base/java.lang.reflect.Method.invoke(Method.java:567)\r\n\tat io.cucumber.java.Invoker.doInvoke(Invoker.java:66)\r\n\tat io.cucumber.java.Invoker.invoke(Invoker.java:24)\r\n\tat io.cucumber.java.AbstractGlueDefinition.invokeMethod(AbstractGlueDefinition.java:47)\r\n\tat io.cucumber.java.JavaStepDefinition.execute(JavaStepDefinition.java:29)\r\n\tat io.cucumber.core.runner.CoreStepDefinition.execute(CoreStepDefinition.java:66)\r\n\tat io.cucumber.core.runner.PickleStepDefinitionMatch.runStep(PickleStepDefinitionMatch.java:63)\r\n\tat io.cucumber.core.runner.ExecutionMode$1.execute(ExecutionMode.java:10)\r\n\tat io.cucumber.core.runner.TestStep.executeStep(TestStep.java:86)\r\n\tat io.cucumber.core.runner.TestStep.run(TestStep.java:57)\r\n\tat io.cucumber.core.runner.PickleStepTestStep.run(PickleStepTestStep.java:51)\r\n\tat io.cucumber.core.runner.TestCase.run(TestCase.java:95)\r\n\tat io.cucumber.core.runner.Runner.runPickle(Runner.java:75)\r\n\tat io.cucumber.junit.PickleRunners$NoStepDescriptions.lambda$run$0(PickleRunners.java:151)\r\n\tat io.cucumber.core.runtime.CucumberExecutionContext.lambda$runTestCase$3(CucumberExecutionContext.java:151)\r\n\tat io.cucumber.core.runtime.RethrowingThrowableCollector.executeAndThrow(RethrowingThrowableCollector.java:23)\r\n\tat io.cucumber.core.runtime.CucumberExecutionContext.runTestCase(CucumberExecutionContext.java:151)\r\n\tat io.cucumber.junit.PickleRunners$NoStepDescriptions.run(PickleRunners.java:148)\r\n\tat io.cucumber.junit.FeatureRunner.runChild(FeatureRunner.java:144)\r\n\tat io.cucumber.junit.FeatureRunner.runChild(FeatureRunner.java:28)\r\n\tat org.junit.runners.ParentRunner$4.run(ParentRunner.java:331)\r\n\tat org.junit.runners.ParentRunner$1.schedule(ParentRunner.java:79)\r\n\tat org.junit.runners.ParentRunner.runChildren(ParentRunner.java:329)\r\n\tat org.junit.runners.ParentRunner.access$100(ParentRunner.java:66)\r\n\tat org.junit.runners.ParentRunner$2.evaluate(ParentRunner.java:293)\r\n\tat org.junit.runners.ParentRunner$3.evaluate(ParentRunner.java:306)\r\n\tat org.junit.runners.ParentRunner.run(ParentRunner.java:413)\r\n\tat io.cucumber.junit.FeatureRunner.run(FeatureRunner.java:137)\r\n\tat io.cucumber.junit.Cucumber.runChild(Cucumber.java:196)\r\n\tat io.cucumber.junit.Cucumber.runChild(Cucumber.java:89)\r\n\tat org.junit.runners.ParentRunner$4.run(ParentRunner.java:331)\r\n\tat org.junit.runners.ParentRunner$1.schedule(ParentRunner.java:79)\r\n\tat org.junit.runners.ParentRunner.runChildren(ParentRunner.java:329)\r\n\tat org.junit.runners.ParentRunner.access$100(ParentRunner.java:66)\r\n\tat org.junit.runners.ParentRunner$2.evaluate(ParentRunner.java:293)\r\n\tat io.cucumber.junit.Cucumber$RunBeforeAllHooks.evaluate(Cucumber.java:266)\r\n\tat io.cucumber.junit.Cucumber$RunAfterAllHooks.evaluate(Cucumber.java:281)\r\n\tat io.cucumber.junit.Cucumber$StartTestRun.evaluate(Cucumber.java:233)\r\n\tat io.cucumber.junit.Cucumber$FinishTestRun.evaluate(Cucumber.java:248)\r\n\tat org.junit.runners.ParentRunner$3.evaluate(ParentRunner.java:306)\r\n\tat org.junit.runners.ParentRunner.run(ParentRunner.java:413)\r\n\tat org.eclipse.jdt.internal.junit4.runner.JUnit4TestReference.run(JUnit4TestReference.java:93)\r\n\tat org.eclipse.jdt.internal.junit.runner.TestExecution.run(TestExecution.java:40)\r\n\tat org.eclipse.jdt.internal.junit.runner.RemoteTestRunner.runTests(RemoteTestRunner.java:529)\r\n\tat org.eclipse.jdt.internal.junit.runner.RemoteTestRunner.runTests(RemoteTestRunner.java:756)\r\n\tat org.eclipse.jdt.internal.junit.runner.RemoteTestRunner.run(RemoteTestRunner.java:452)\r\n\tat org.eclipse.jdt.internal.junit.runner.RemoteTestRunner.main(RemoteTestRunner.java:210)\r\n"},"stage":"finished","steps":[{"name":"Given  User sets Authorization to No Auth","status":"passed","statusDetails":{"known":false,"muted":false,"flaky":false},"stage":"finished","steps":[],"attachments":[],"parameters":[],"start":1690409945258,"stop":1690409945259},{"name":"Given  User creates request for Program module with invalid programName","status":"passed","statusDetails":{"known":false,"muted":false,"flaky":false},"stage":"finished","steps":[],"attachments":[],"parameters":[],"start":1690409945260,"stop":1690409945262},{"name":"When  User sets DELETE request with invalid programName from \"deleteProgramModule\" and 2","status":"broken","statusDetails":{"known":false,"muted":false,"flaky":false,"message":"Error reading tests data file","trace":"java.lang.RuntimeException: Error reading tests data file\r\n\tat com.api.auotmation.utilities.TestUtil.getRowDataFromExcel(TestUtil.java:53)\r\n\tat com.api.automation.stepDefinitions.ProgramModule_DELETEProgram_SD.user_sets_delete_request_with_invalid_program_name_from_and(ProgramModule_DELETEProgram_SD.java:210)\r\n\tat ✽.User sets DELETE request with invalid programName from \"deleteProgramModule\" and 2(file:///C:/Practice/RestAssuredCucumber/./src/test/resources/Features/ProgramModule_DELETEProgram.feature:39)\r\nCaused by: java.io.FileNotFoundException: .Data Files\\ProgramDeleteData.xlsx\r\n\tat org.apache.poi.ss.usermodel.WorkbookFactory.create(WorkbookFactory.java:302)\r\n\tat org.apache.poi.ss.usermodel.WorkbookFactory.create(WorkbookFactory.java:277)\r\n\tat org.apache.poi.ss.usermodel.WorkbookFactory.create(WorkbookFactory.java:255)\r\n\tat com.api.auotmation.utilities.ExcelReader.getWorkBook(ExcelReader.java:43)\r\n\tat com.api.auotmation.utilities.ExcelReader.getSheetByName(ExcelReader.java:33)\r\n\tat com.api.auotmation.utilities.ExcelReader.getData(ExcelReader.java:22)\r\n\tat com.api.auotmation.utilities.TestUtil.getRowDataFromExcel(TestUtil.java:48)\r\n\tat com.api.automation.stepDefinitions.ProgramModule_DELETEProgram_SD.user_sets_delete_request_with_invalid_program_name_from_and(ProgramModule_DELETEProgram_SD.java:210)\r\n\tat java.base/jdk.internal.reflect.NativeMethodAccessorImpl.invoke0(Native Method)\r\n\tat java.base/jdk.internal.reflect.NativeMethodAccessorImpl.invoke(NativeMethodAccessorImpl.java:78)\r\n\tat java.base/jdk.internal.reflect.DelegatingMethodAccessorImpl.invoke(DelegatingMethodAccessorImpl.java:43)\r\n\tat java.base/java.lang.reflect.Method.invoke(Method.java:567)\r\n\tat io.cucumber.java.Invoker.doInvoke(Invoker.java:66)\r\n\tat io.cucumber.java.Invoker.invoke(Invoker.java:24)\r\n\tat io.cucumber.java.AbstractGlueDefinition.invokeMethod(AbstractGlueDefinition.java:47)\r\n\tat io.cucumber.java.JavaStepDefinition.execute(JavaStepDefinition.java:29)\r\n\tat io.cucumber.core.runner.CoreStepDefinition.execute(CoreStepDefinition.java:66)\r\n\tat io.cucumber.core.runner.PickleStepDefinitionMatch.runStep(PickleStepDefinitionMatch.java:63)\r\n\tat io.cucumber.core.runner.ExecutionMode$1.execute(ExecutionMode.java:10)\r\n\tat io.cucumber.core.runner.TestStep.executeStep(TestStep.java:86)\r\n\tat io.cucumber.core.runner.TestStep.run(TestStep.java:57)\r\n\tat io.cucumber.core.runner.PickleStepTestStep.run(PickleStepTestStep.java:51)\r\n\tat io.cucumber.core.runner.TestCase.run(TestCase.java:95)\r\n\tat io.cucumber.core.runner.Runner.runPickle(Runner.java:75)\r\n\tat io.cucumber.junit.PickleRunners$NoStepDescriptions.lambda$run$0(PickleRunners.java:151)\r\n\tat io.cucumber.core.runtime.CucumberExecutionContext.lambda$runTestCase$3(CucumberExecutionContext.java:151)\r\n\tat io.cucumber.core.runtime.RethrowingThrowableCollector.executeAndThrow(RethrowingThrowableCollector.java:23)\r\n\tat io.cucumber.core.runtime.CucumberExecutionContext.runTestCase(CucumberExecutionContext.java:151)\r\n\tat io.cucumber.junit.PickleRunners$NoStepDescriptions.run(PickleRunners.java:148)\r\n\tat io.cucumber.junit.FeatureRunner.runChild(FeatureRunner.java:144)\r\n\tat io.cucumber.junit.FeatureRunner.runChild(FeatureRunner.java:28)\r\n\tat org.junit.runners.ParentRunner$4.run(ParentRunner.java:331)\r\n\tat org.junit.runners.ParentRunner$1.schedule(ParentRunner.java:79)\r\n\tat org.junit.runners.ParentRunner.runChildren(ParentRunner.java:329)\r\n\tat org.junit.runners.ParentRunner.access$100(ParentRunner.java:66)\r\n\tat org.junit.runners.ParentRunner$2.evaluate(ParentRunner.java:293)\r\n\tat org.junit.runners.ParentRunner$3.evaluate(ParentRunner.java:306)\r\n\tat org.junit.runners.ParentRunner.run(ParentRunner.java:413)\r\n\tat io.cucumber.junit.FeatureRunner.run(FeatureRunner.java:137)\r\n\tat io.cucumber.junit.Cucumber.runChild(Cucumber.java:196)\r\n\tat io.cucumber.junit.Cucumber.runChild(Cucumber.java:89)\r\n\tat org.junit.runners.ParentRunner$4.run(ParentRunner.java:331)\r\n\tat org.junit.runners.ParentRunner$1.schedule(ParentRunner.java:79)\r\n\tat org.junit.runners.ParentRunner.runChildren(ParentRunner.java:329)\r\n\tat org.junit.runners.ParentRunner.access$100(ParentRunner.java:66)\r\n\tat org.junit.runners.ParentRunner$2.evaluate(ParentRunner.java:293)\r\n\tat io.cucumber.junit.Cucumber$RunBeforeAllHooks.evaluate(Cucumber.java:266)\r\n\tat io.cucumber.junit.Cucumber$RunAfterAllHooks.evaluate(Cucumber.java:281)\r\n\tat io.cucumber.junit.Cucumber$StartTestRun.evaluate(Cucumber.java:233)\r\n\tat io.cucumber.junit.Cucumber$FinishTestRun.evaluate(Cucumber.java:248)\r\n\tat org.junit.runners.ParentRunner$3.evaluate(ParentRunner.java:306)\r\n\tat org.junit.runners.ParentRunner.run(ParentRunner.java:413)\r\n\tat org.eclipse.jdt.internal.junit4.runner.JUnit4TestReference.run(JUnit4TestReference.java:93)\r\n\tat org.eclipse.jdt.internal.junit.runner.TestExecution.run(TestExecution.java:40)\r\n\tat org.eclipse.jdt.internal.junit.runner.RemoteTestRunner.runTests(RemoteTestRunner.java:529)\r\n\tat org.eclipse.jdt.internal.junit.runner.RemoteTestRunner.runTests(RemoteTestRunner.java:756)\r\n\tat org.eclipse.jdt.internal.junit.runner.RemoteTestRunner.run(RemoteTestRunner.java:452)\r\n\tat org.eclipse.jdt.internal.junit.runner.RemoteTestRunner.main(RemoteTestRunner.java:210)\r\n"},"stage":"finished","steps":[],"attachments":[],"parameters":[],"start":1690409945262,"stop":1690409945266},{"name":"Then  Bad request error message should display with status code \"404\"","status":"skipped","statusDetails":{"known":false,"muted":false,"flaky":false},"stage":"finished","steps":[],"attachments":[],"parameters":[],"start":1690409945267,"stop":1690409945268}],"attachments":[],"parameters":[{"name":"SheetName","value":"deleteProgramModule"},{"name":"Rownumber","value":"2"}],"start":1690409945257,"stop":1690409945269}